<?xml version="1.0" encoding="UTF-8"?>
<!-- Generated by org.testng.reporters.JUnitReportReporter -->
<testsuite hostname="LAPTOP-J46VLDVB" failures="0" tests="1" name="MyTest.JavaSeleniumtestNg.Program1" time="3.061" errors="0" timestamp="3 Mar 2023 13:01:35 GMT">
  <testcase classname="MyTest.JavaSeleniumtestNg.Program1" name="verify" time="3.061"/>
</testsuite> <!-- MyTest.JavaSeleniumtestNg.Program1 -->
