<?xml version="1.0" encoding="UTF-8"?>
<!-- Generated by org.testng.reporters.JUnitReportReporter -->
<testsuite hostname="LAPTOP-J46VLDVB" failures="0" tests="1" name="com.raj.testData.testLogin" time="4.143" errors="0" timestamp="9 Mar 2023 08:45:31 GMT">
  <testcase classname="com.raj.testData.testLogin" name="loginpage" time="4.143"/>
</testsuite> <!-- com.raj.testData.testLogin -->
