<?xml version="1.0" encoding="UTF-8"?>
<!-- Generated by org.testng.reporters.JUnitReportReporter -->
<testsuite hostname="LAPTOP-J46VLDVB" failures="0" tests="1" name="com.raj.testData.getUrl" time="4.367" errors="0" timestamp="10 Mar 2023 15:56:30 GMT">
  <testcase classname="com.raj.testData.getUrl" name="displayUrl" time="4.367"/>
</testsuite> <!-- com.raj.testData.getUrl -->
